tmsdk/save/TMSDK/Unity/_TestOutput_New/MG_SDK_TM/unity-android-resources/build/outputs/logs/manifest-merger-debug-report.txt
-- Merging decision tree log ---
manifest
ADDED from MG_SDK_TM\unity-android-resources\AndroidManifest.xml:1:39-2:103
INJECTED from MG_SDK_TM\unity-android-resources\AndroidManifest.xml:1:39-2:103
INJECTED from MG_SDK_TM\unity-android-resources\AndroidManifest.xml:1:39-2:103
INJECTED from MG_SDK_TM\unity-android-resources\AndroidManifest.xml:1:39-2:103
INJECTED from MG_SDK_TM\unity-android-resources\AndroidManifest.xml:1:39-2:103
INJECTED from MG_SDK_TM\unity-android-resources\AndroidManifest.xml:1:39-2:103
INJECTED from MG_SDK_TM\unity-android-resources\AndroidManifest.xml:1:39-2:103
	package
		ADDED from MG_SDK_TM\unity-android-resources\AndroidManifest.xml:1:108-141
		INJECTED from MG_SDK_TM\unity-android-resources\AndroidManifest.xml
		INJECTED from MG_SDK_TM\unity-android-resources\AndroidManifest.xml
	android:versionName
		ADDED from MG_SDK_TM\unity-android-resources\AndroidManifest.xml:2:25-50
		INJECTED from MG_SDK_TM\unity-android-resources\AndroidManifest.xml
		INJECTED from MG_SDK_TM\unity-android-resources\AndroidManifest.xml
	xmlns:android
		ADDED from MG_SDK_TM\unity-android-resources\AndroidManifest.xml:1:49-107
	android:versionCode
		ADDED from MG_SDK_TM\unity-android-resources\AndroidManifest.xml:2:1-24
		INJECTED from MG_SDK_TM\unity-android-resources\AndroidManifest.xml
		INJECTED from MG_SDK_TM\unity-android-resources\AndroidManifest.xml
uses-sdk
ADDED from MG_SDK_TM\unity-android-resources\AndroidManifest.xml:2:51-92
INJECTED from MG_SDK_TM\unity-android-resources\AndroidManifest.xml:2:51-92
INJECTED from MG_SDK_TM\unity-android-resources\AndroidManifest.xml:2:51-92
	android:targetSdkVersion
		ADDED from MG_SDK_TM\unity-android-resources\AndroidManifest.xml:2:61-90
		INJECTED from MG_SDK_TM\unity-android-resources\AndroidManifest.xml
		INJECTED from MG_SDK_TM\unity-android-resources\AndroidManifest.xml